[35m[Appium][39m Welcome to Appium v1.22.3
[35m[Appium][39m Non-default server args:
[35m[Appium][39m   port: 62485
[35m[Appium][39m   loglevel: info
[35m[Appium][39m   tmpDir: C:\Users\asus\AppData\Local\Temp\\Katalon\Appium\Temp1680253121296
[35m[Appium][39m   chromedriverPort: 62489
[35m[Appium][39m Deprecated server args:
[35m[Appium][39m   [31m--chromedriver-port[39m => --default-capabilities
[35m[Appium][39m Default capabilities, which will be added to each request unless overridden by desired capabilities:
[35m[Appium][39m   chromedriverPort: 62489
[35m[Appium][39m Appium REST http interface listener started on 0.0.0.0:62485
[35m[HTTP][39m [37m-->[39m [37mGET[39m [37m/wd/hub/status[39m
[35m[HTTP][39m [90m{}[39m
[35m[HTTP][39m [37m<-- GET /wd/hub/status [39m[32m200[39m [90m172 ms - 68[39m
[35m[HTTP][39m [90m[39m
[35m[HTTP][39m [37m-->[39m [37mGET[39m [37m/wd/hub/status[39m
[35m[HTTP][39m [90m{}[39m
[35m[HTTP][39m [37m<-- GET /wd/hub/status [39m[32m200[39m [90m4 ms - 68[39m
[35m[HTTP][39m [90m[39m
[35m[HTTP][39m [37m-->[39m [37mPOST[39m [37m/wd/hub/session[39m
[35m[HTTP][39m [90m{"desiredCapabilities":{"appActivity":".Settings","appPackage":"com.android.settings","newCommandTimeout":1800,"platformVersion":"9","automationName":"uiautomator2","autoGrantPermissions":true,"platformName":"Android","udid":"emulator-5554","deviceName":"emulator-5554 (AOSP on IA Emulator - Android 9)","platform":"ANDROID","systemPort":8289},"capabilities":{"firstMatch":[{"appium:appActivity":".Settings","appium:appPackage":"com.android.settings","appium:autoGrantPermissions":true,"appium:automationName":"uiautomator2","appium:deviceName":"emulator-5554 (AOSP on IA Emulator - Android 9)","appium:newCommandTimeout":1800,"platform":"ANDROID","platformName":"android","appium:platformVersion":"9","appium:systemPort":8289,"appium:udid":"emulator-5554"}]}}[39m
[35m[BaseDriver][39m The following capabilities are not standard capabilities and should have an extension prefix:
[35m[BaseDriver][39m   platform
[35m[BaseDriver][39m   chromedriverPort
[35m[Appium][39m Appium v1.22.3 creating new AndroidUiautomator2Driver (v1.70.1) session
[35m[BaseDriver][39m The following capabilities were provided, but are not recognized by Appium:
[35m[BaseDriver][39m   platform
[35m[BaseDriver][39m Session created with session id: 0e65b4f9-3a12-48e5-b48e-5c2bda3803dd
[35m[UiAutomator2][39m Starting 'com.android.settings' directly on the device
[35m[ADB][39m Found 2 'build-tools' folders under 'C:\Users\asus\AppData\Local\Android\Sdk' (newest first):
[35m[ADB][39m     C:/Users/asus/AppData/Local/Android/Sdk/build-tools/33.0.0
[35m[ADB][39m     C:/Users/asus/AppData/Local/Android/Sdk/build-tools/30.0.3
[35m[ADB][39m Using 'adb.exe' from 'C:\Users\asus\AppData\Local\Android\Sdk\platform-tools\adb.exe'
[35m[AndroidDriver][39m Retrieving device list
[35m[AndroidDriver][39m Using device: emulator-5554
[35m[ADB][39m Using 'adb.exe' from 'C:\Users\asus\AppData\Local\Android\Sdk\platform-tools\adb.exe'
[35m[ADB][39m Getting device platform version
[35m[UiAutomator2][39m Relaxing hidden api policy
[35m[AndroidDriver][39m No app sent in, not parsing package/activity
[35m[ADB][39m Using 'apksigner.jar' from 'C:\Users\asus\AppData\Local\Android\Sdk\build-tools\33.0.0\lib\apksigner.jar'
[35m[ADB][39m 'C:\Users\asus\AppData\Roaming\npm\node_modules\appium\node_modules\appium-uiautomator2-server\apks\appium-uiautomator2-server-v4.27.0.apk' is signed with the default certificate
[35m[ADB][39m 'C:\Users\asus\AppData\Roaming\npm\node_modules\appium\node_modules\appium-uiautomator2-server\apks\appium-uiautomator2-server-debug-androidTest.apk' is signed with the default certificate
[35m[UiAutomator2][39m Server packages are not going to be (re)installed
[35m[ADB][39m Adding packages ["io.appium.settings","io.appium.uiautomator2.server","io.appium.uiautomator2.server.test"] to Doze whitelist
[35m[UiAutomator2][39m Starting UIAutomator2 server 4.27.0
[35m[UiAutomator2][39m Using UIAutomator2 server from 'C:\Users\asus\AppData\Roaming\npm\node_modules\appium\node_modules\appium-uiautomator2-server\apks\appium-uiautomator2-server-v4.27.0.apk' and test from 'C:\Users\asus\AppData\Roaming\npm\node_modules\appium\node_modules\appium-uiautomator2-server\apks\appium-uiautomator2-server-debug-androidTest.apk'
[35m[UiAutomator2][39m Waiting up to 30000ms for UiAutomator2 to be online...
[35m[WD Proxy][39m socket hang up
[35m[WD Proxy][39m socket hang up
[35m[WD Proxy][39m socket hang up
[35m[WD Proxy][39m socket hang up
[35m[WD Proxy][39m socket hang up
[35m[WD Proxy][39m socket hang up
[35m[WD Proxy][39m socket hang up
[35m[WD Proxy][39m socket hang up
[35m[WD Proxy][39m socket hang up
[35m[WD Proxy][39m socket hang up
[35m[WD Proxy][39m socket hang up
[35m[WD Proxy][39m socket hang up
[35m[WD Proxy][39m socket hang up
[35m[WD Proxy][39m socket hang up
[35m[WD Proxy][39m socket hang up
[35m[WD Proxy][39m socket hang up
[35m[WD Proxy][39m socket hang up
[35m[WD Proxy][39m socket hang up
[35m[WD Proxy][39m socket hang up
[35m[WD Proxy][39m Determined the downstream protocol as 'W3C'
[35m[AndroidDriver][39m Screen already unlocked, doing nothing
[35m[UiAutomator2][39m Starting 'com.android.settings/.Settings and waiting for 'com.android.settings/.Settings'
[35m[Appium][39m New AndroidUiautomator2Driver session created successfully, session 0e65b4f9-3a12-48e5-b48e-5c2bda3803dd added to master session list
[35m[HTTP][39m [37m<-- POST /wd/hub/session [39m[32m200[39m [90m83301 ms - 1191[39m
[35m[HTTP][39m [90m[39m
[35m[HTTP][39m [37m-->[39m [37mGET[39m [37m/wd/hub/session/0e65b4f9-3a12-48e5-b48e-5c2bda3803dd[39m
[35m[HTTP][39m [90m{}[39m
[35m[HTTP][39m [37m<-- GET /wd/hub/session/0e65b4f9-3a12-48e5-b48e-5c2bda3803dd [39m[32m200[39m [90m118 ms - 1145[39m
[35m[HTTP][39m [90m[39m
[35m[HTTP][39m [37m-->[39m [37mGET[39m [37m/wd/hub/session/0e65b4f9-3a12-48e5-b48e-5c2bda3803dd[39m
[35m[HTTP][39m [90m{}[39m
[35m[HTTP][39m [37m<-- GET /wd/hub/session/0e65b4f9-3a12-48e5-b48e-5c2bda3803dd [39m[32m200[39m [90m60 ms - 1145[39m
[35m[HTTP][39m [90m[39m
[35m[HTTP][39m [37m-->[39m [37mGET[39m [37m/wd/hub/status[39m
[35m[HTTP][39m [90m{}[39m
[35m[HTTP][39m [37m<-- GET /wd/hub/status [39m[32m200[39m [90m3 ms - 68[39m
[35m[HTTP][39m [90m[39m
[35m[HTTP][39m [37m-->[39m [37mPOST[39m [37m/wd/hub/session/0e65b4f9-3a12-48e5-b48e-5c2bda3803dd/timeouts[39m
[35m[HTTP][39m [90m{"implicit":60000}[39m
[35m[HTTP][39m [37m<-- POST /wd/hub/session/0e65b4f9-3a12-48e5-b48e-5c2bda3803dd/timeouts [39m[32m200[39m [90m11 ms - 14[39m
[35m[HTTP][39m [90m[39m
[35m[HTTP][39m [37m-->[39m [37mGET[39m [37m/wd/hub/session/0e65b4f9-3a12-48e5-b48e-5c2bda3803dd/screenshot[39m
[35m[HTTP][39m [90m{}[39m
[35m[HTTP][39m [37m<-- GET /wd/hub/session/0e65b4f9-3a12-48e5-b48e-5c2bda3803dd/screenshot [39m[32m200[39m [90m5056 ms - 44440[39m
[35m[HTTP][39m [90m[39m
[35m[HTTP][39m [37m-->[39m [37mGET[39m [37m/wd/hub/session/0e65b4f9-3a12-48e5-b48e-5c2bda3803dd/window/rect[39m
[35m[HTTP][39m [90m{}[39m
[35m[HTTP][39m [37m<-- GET /wd/hub/session/0e65b4f9-3a12-48e5-b48e-5c2bda3803dd/window/rect [39m[32m200[39m [90m131 ms - 50[39m
[35m[HTTP][39m [90m[39m
[35m[HTTP][39m [37m-->[39m [37mGET[39m [37m/wd/hub/session/0e65b4f9-3a12-48e5-b48e-5c2bda3803dd/appium/device/system_bars[39m
[35m[HTTP][39m [90m{}[39m
[35m[HTTP][39m [37m<-- GET /wd/hub/session/0e65b4f9-3a12-48e5-b48e-5c2bda3803dd/appium/device/system_bars [39m[32m200[39m [90m1033 ms - 148[39m
[35m[HTTP][39m [90m[39m
[35m[HTTP][39m [37m-->[39m [37mPOST[39m [37m/wd/hub/session/0e65b4f9-3a12-48e5-b48e-5c2bda3803dd/appium/device/activate_app[39m
[35m[HTTP][39m [90m{"bundleId":"com.loginmodule.learning"}[39m
[35m[HTTP][39m [37m<-- POST /wd/hub/session/0e65b4f9-3a12-48e5-b48e-5c2bda3803dd/appium/device/activate_app [39m[32m200[39m [90m10018 ms - 14[39m
[35m[HTTP][39m [90m[39m
[35m[HTTP][39m [37m-->[39m [37mGET[39m [37m/wd/hub/session/0e65b4f9-3a12-48e5-b48e-5c2bda3803dd/source[39m
[35m[HTTP][39m [90m{}[39m
[35m[W3C (0e65b4f9)][39m Driver proxy active, passing request on via HTTP proxy
[35m[WD Proxy][39m Replacing sessionId 6a0dfde6-5daa-4e65-9a58-66295450607a with 0e65b4f9-3a12-48e5-b48e-5c2bda3803dd
[35m[HTTP][39m [37m<-- GET /wd/hub/session/0e65b4f9-3a12-48e5-b48e-5c2bda3803dd/source [39m[32m200[39m [90m3785 ms - 6552[39m
[35m[HTTP][39m [90m[39m
[35m[HTTP][39m [37m-->[39m [37mGET[39m [37m/wd/hub/session/0e65b4f9-3a12-48e5-b48e-5c2bda3803dd/screenshot[39m
[35m[HTTP][39m [90m{}[39m
[35m[HTTP][39m [37m<-- GET /wd/hub/session/0e65b4f9-3a12-48e5-b48e-5c2bda3803dd/screenshot [39m[32m200[39m [90m2202 ms - 52302[39m
[35m[HTTP][39m [90m[39m
[35m[HTTP][39m [37m-->[39m [37mGET[39m [37m/wd/hub/session/0e65b4f9-3a12-48e5-b48e-5c2bda3803dd/source[39m
[35m[HTTP][39m [90m{}[39m
[35m[W3C (0e65b4f9)][39m Driver proxy active, passing request on via HTTP proxy
[35m[WD Proxy][39m Replacing sessionId 6a0dfde6-5daa-4e65-9a58-66295450607a with 0e65b4f9-3a12-48e5-b48e-5c2bda3803dd
[35m[HTTP][39m [37m<-- GET /wd/hub/session/0e65b4f9-3a12-48e5-b48e-5c2bda3803dd/source [39m[32m200[39m [90m733 ms - 6968[39m
[35m[HTTP][39m [90m[39m
[35m[HTTP][39m [37m-->[39m [37mGET[39m [37m/wd/hub/session/0e65b4f9-3a12-48e5-b48e-5c2bda3803dd/screenshot[39m
[35m[HTTP][39m [90m{}[39m
[35m[HTTP][39m [37m<-- GET /wd/hub/session/0e65b4f9-3a12-48e5-b48e-5c2bda3803dd/screenshot [39m[32m200[39m [90m2054 ms - 116364[39m
[35m[HTTP][39m [90m[39m
[35m[HTTP][39m [37m-->[39m [37mDELETE[39m [37m/wd/hub/session/0e65b4f9-3a12-48e5-b48e-5c2bda3803dd[39m
[35m[HTTP][39m [90m{}[39m
[35m[Appium][39m Removing session 0e65b4f9-3a12-48e5-b48e-5c2bda3803dd from our master session list
[35m[UiAutomator2][39m Restoring hidden api policy to the device default configuration
[35m[HTTP][39m [37m-->[39m [37mDELETE[39m [37m/wd/hub/session/0e65b4f9-3a12-48e5-b48e-5c2bda3803dd[39m
[35m[HTTP][39m [90m{}[39m
[35m[HTTP][39m [37m<-- DELETE /wd/hub/session/0e65b4f9-3a12-48e5-b48e-5c2bda3803dd [39m[33m404[39m [90m153 ms - 2380[39m
[35m[HTTP][39m [90m[39m
[35m[HTTP][39m [37m<-- DELETE /wd/hub/session/0e65b4f9-3a12-48e5-b48e-5c2bda3803dd [39m[32m200[39m [90m2041 ms - 14[39m
[35m[HTTP][39m [90m[39m
